2025-02-15 23:19:37,796 - Log4JLogChute initialized using file 'velocity.log'
2025-02-15 23:19:37,796 - Velocity was not initialized! Calling init()...
2025-02-15 23:19:37,796 - Starting Apache Velocity v1.5 (compiled: 2007-02-22 08:52:29)
2025-02-15 23:19:37,796 - Default Properties File: org/apache/velocity/runtime/defaults/velocity.properties
2025-02-15 23:19:37,796 - Trying to use logger class org.apache.velocity.runtime.log.AvalonLogChute
2025-02-15 23:19:37,797 - Couldn't find class org.apache.velocity.runtime.log.AvalonLogChute or necessary supporting classes in classpath.
java.lang.NoClassDefFoundError: org/apache/log/format/Formatter
	at java.base/java.lang.Class.forName0(Native Method)
	at java.base/java.lang.Class.forName(Class.java:534)
	at java.base/java.lang.Class.forName(Class.java:513)
	at org.apache.velocity.util.ClassUtils.getClass(ClassUtils.java:63)
	at org.apache.velocity.util.ClassUtils.getNewInstance(ClassUtils.java:95)
	at org.apache.velocity.runtime.log.LogManager.createLogChute(LogManager.java:147)
	at org.apache.velocity.runtime.log.LogManager.updateLog(LogManager.java:208)
	at org.apache.velocity.runtime.RuntimeInstance.initializeLog(RuntimeInstance.java:728)
	at org.apache.velocity.runtime.RuntimeInstance.init(RuntimeInstance.java:240)
	at org.apache.velocity.runtime.RuntimeInstance.parse(RuntimeInstance.java:993)
	at org.apache.velocity.runtime.RuntimeInstance.parse(RuntimeInstance.java:972)
	at org.apache.velocity.runtime.RuntimeSingleton.parse(RuntimeSingleton.java:265)
	at org.apache.velocity.app.Velocity.evaluate(Velocity.java:274)
	at org.sonatype.mavenbook.weather.WeatherFormatter.format(WeatherFormatter.java:23)
	at org.sonatype.mavenbook.weather.Main.start(Main.java:41)
	at org.sonatype.mavenbook.weather.Main.main(Main.java:24)
Caused by: java.lang.ClassNotFoundException: org.apache.log.format.Formatter
	at java.base/jdk.internal.loader.BuiltinClassLoader.loadClass(BuiltinClassLoader.java:641)
	at java.base/jdk.internal.loader.ClassLoaders$AppClassLoader.loadClass(ClassLoaders.java:188)
	at java.base/java.lang.ClassLoader.loadClass(ClassLoader.java:526)
	... 16 more
2025-02-15 23:19:37,798 - Trying to use logger class org.apache.velocity.runtime.log.Log4JLogChute
2025-02-15 23:19:37,798 - Using logger class org.apache.velocity.runtime.log.Log4JLogChute
2025-02-15 23:19:37,799 - Default ResourceManager initializing. (class org.apache.velocity.runtime.resource.ResourceManagerImpl)
2025-02-15 23:19:37,799 - ResourceLoader instantiated: org.apache.velocity.runtime.resource.loader.FileResourceLoader
2025-02-15 23:19:37,800 - Do unicode file recognition:  false
2025-02-15 23:19:37,800 - FileResourceLoader : adding path '.'
2025-02-15 23:19:37,803 - ResourceCache: initialized (class org.apache.velocity.runtime.resource.ResourceCacheImpl)
2025-02-15 23:19:37,804 - Loaded System Directive: org.apache.velocity.runtime.directive.Literal
2025-02-15 23:19:37,804 - Loaded System Directive: org.apache.velocity.runtime.directive.Macro
2025-02-15 23:19:37,804 - Loaded System Directive: org.apache.velocity.runtime.directive.Parse
2025-02-15 23:19:37,805 - Loaded System Directive: org.apache.velocity.runtime.directive.Include
2025-02-15 23:19:37,805 - Loaded System Directive: org.apache.velocity.runtime.directive.Foreach
2025-02-15 23:19:37,813 - Created '20' parsers.
2025-02-15 23:19:37,814 - Velocimacro : "velocimacro.library" is not set.  Trying default library: VM_global_library.vm
2025-02-15 23:19:37,814 - Velocimacro : Default library not found.
2025-02-15 23:19:37,814 - Velocimacro : allowInline = true : VMs can be defined inline in templates
2025-02-15 23:19:37,814 - Velocimacro : allowInlineToOverride = false : VMs defined inline may NOT replace previous VM definitions
2025-02-15 23:19:37,814 - Velocimacro : allowInlineLocal = false : VMs defined inline will be global in scope if allowed.
2025-02-15 23:19:37,814 - Velocimacro : autoload off : VM system will not automatically reload global library macros
